<?xml version="1.0" encoding="UTF-8"?>
<testsuite xmlns:xsi="http://www.w3.org/2001/XMLSchema-instance" xsi:noNamespaceSchemaLocation="https://maven.apache.org/surefire/maven-surefire-plugin/xsd/surefire-test-report-3.0.xsd" version="3.0" name="com.example.gdmc.transicion.planetas.PlanetaTest" time="0.135" tests="8" errors="0" skipped="0" failures="0">
  <properties>
[...]
</properties>
  <testcase name="tritonNoEsUnPlanetaCulto" classname="com.example.gdmc.transicion.planetas.PlanetaTest" time="0.011"/>
  <testcase name="delegacionDiplomaticaDeTritonEsAnaRosaMonica" classname="com.example.gdmc.transicion.planetas.PlanetaTest" time="0.006"/>
  <testcase name="tritonDespuesDeRecibirTributosLogitudDeMurallasEs6" classname="com.example.gdmc.transicion.planetas.PlanetaTest" time="0.004"/>
  <testcase name="potenciaAparenteDeTritonEs312" classname="com.example.gdmc.transicion.planetas.PlanetaTest" time="0.017"/>
  <testcase name="valorInicialDefensaDeTritonEs2" classname="com.example.gdmc.transicion.planetas.PlanetaTest" time="0.039"/>
  <testcase name="tritonNesecitaReforzarse" classname="com.example.gdmc.transicion.planetas.PlanetaTest" time="0.018"/>
  <testcase name="potenciaRealDeTritonEs184" classname="com.example.gdmc.transicion.planetas.PlanetaTest" time="0.004"/>
  <testcase name="tritonDespuesDeRecibirTributosTiene2Museos" classname="com.example.gdmc.transicion.planetas.PlanetaTest" time="0.003"/>
</testsuite>